<?xml version="1.0" encoding="UTF-8"?>
<testng-results ignored="0" total="1" passed="1" failed="0" skipped="0">
  <reporter-output>
  </reporter-output>
  <suite started-at="2024-04-14T19:48:47 IST" name="Default suite" finished-at="2024-04-14T19:49:17 IST" duration-ms="30212">
    <groups>
    </groups>
    <test started-at="2024-04-14T19:48:47 IST" name="Default test" finished-at="2024-04-14T19:49:17 IST" duration-ms="30212">
      <class name="ImageValidatorTests">
        <test-method is-config="true" signature="webDriverInitialization()[pri:0, instance:ImageValidatorTests@436813f3]" started-at="2024-04-14T19:48:47 IST" name="webDriverInitialization" finished-at="2024-04-14T19:48:57 IST" duration-ms="9464" status="PASS">
          <reporter-output>
          </reporter-output>
        </test-method> <!-- webDriverInitialization -->
        <test-method signature="validateImage()[pri:0, instance:ImageValidatorTests@436813f3]" started-at="2024-04-14T19:48:57 IST" name="validateImage" finished-at="2024-04-14T19:49:17 IST" duration-ms="20062" status="PASS">
          <reporter-output>
          </reporter-output>
        </test-method> <!-- validateImage -->
        <test-method is-config="true" signature="webDriverClose()[pri:0, instance:ImageValidatorTests@436813f3]" started-at="2024-04-14T19:49:17 IST" name="webDriverClose" finished-at="2024-04-14T19:49:17 IST" duration-ms="551" status="PASS">
          <reporter-output>
          </reporter-output>
        </test-method> <!-- webDriverClose -->
      </class> <!-- ImageValidatorTests -->
    </test> <!-- Default test -->
  </suite> <!-- Default suite -->
</testng-results>
